0 verbose cli /usr/bin/node /usr/bin/npm
1 info using npm@10.8.2
2 info using node@v18.20.8
3 silly config load:file:/usr/lib/node_modules/npm/npmrc
4 silly config load:file:/home/azureuser/.npmrc
5 silly config load:file:/usr/etc/npmrc
6 verbose title npm install http-server
7 verbose argv "install" "--global" "http-server"
8 verbose logfile logs-max:10 dir:/home/azureuser/.npm/_logs/2025-11-01T20_50_18_594Z-
9 verbose logfile /home/azureuser/.npm/_logs/2025-11-01T20_50_18_594Z-debug-0.log
10 silly packumentCache heap:2197815296 maxSize:549453824 maxEntrySize:274726912
11 silly logfile done cleaning log files
12 silly idealTree buildDeps
13 silly fetch manifest http-server@*
14 silly packumentCache full:https://registry.npmjs.org/http-server cache-miss
15 http fetch GET 200 https://registry.npmjs.org/http-server 125ms (cache miss)
16 silly packumentCache full:https://registry.npmjs.org/http-server set size:undefined disposed:false
17 silly placeDep ROOT http-server@14.1.1 OK for:  want: *
18 silly fetch manifest he@^1.2.0
19 silly packumentCache full:https://registry.npmjs.org/he cache-miss
20 http fetch GET 200 https://registry.npmjs.org/he 35ms (cache miss)
21 silly packumentCache full:https://registry.npmjs.org/he set size:undefined disposed:false
22 silly fetch manifest mime@^1.6.0
23 silly packumentCache full:https://registry.npmjs.org/mime cache-miss
24 http fetch GET 200 https://registry.npmjs.org/mime 31ms (cache miss)
25 silly packumentCache full:https://registry.npmjs.org/mime set size:undefined disposed:false
26 silly fetch manifest chalk@^4.1.2
27 silly packumentCache full:https://registry.npmjs.org/chalk cache-miss
28 http fetch GET 200 https://registry.npmjs.org/chalk 38ms (cache revalidated)
29 silly packumentCache full:https://registry.npmjs.org/chalk set size:117861 disposed:false
30 silly fetch manifest union@~0.5.0
31 silly packumentCache full:https://registry.npmjs.org/union cache-miss
32 http fetch GET 200 https://registry.npmjs.org/union 31ms (cache miss)
33 silly packumentCache full:https://registry.npmjs.org/union set size:undefined disposed:false
34 silly fetch manifest corser@^2.0.1
35 silly packumentCache full:https://registry.npmjs.org/corser cache-miss
36 http fetch GET 200 https://registry.npmjs.org/corser 33ms (cache miss)
37 silly packumentCache full:https://registry.npmjs.org/corser set size:undefined disposed:false
38 silly fetch manifest opener@^1.5.1
39 silly packumentCache full:https://registry.npmjs.org/opener cache-miss
40 http fetch GET 200 https://registry.npmjs.org/opener 30ms (cache miss)
41 silly packumentCache full:https://registry.npmjs.org/opener set size:undefined disposed:false
42 silly fetch manifest minimist@^1.2.6
43 silly packumentCache full:https://registry.npmjs.org/minimist cache-miss
44 http fetch GET 200 https://registry.npmjs.org/minimist 30ms (cache revalidated)
45 silly packumentCache full:https://registry.npmjs.org/minimist set size:77082 disposed:false
46 silly fetch manifest url-join@^4.0.1
47 silly packumentCache full:https://registry.npmjs.org/url-join cache-miss
48 http fetch GET 200 https://registry.npmjs.org/url-join 29ms (cache miss)
49 silly packumentCache full:https://registry.npmjs.org/url-join set size:undefined disposed:false
50 silly fetch manifest basic-auth@^2.0.1
51 silly packumentCache full:https://registry.npmjs.org/basic-auth cache-miss
52 http fetch GET 200 https://registry.npmjs.org/basic-auth 26ms (cache miss)
53 silly packumentCache full:https://registry.npmjs.org/basic-auth set size:undefined disposed:false
54 silly fetch manifest http-proxy@^1.18.1
55 silly packumentCache full:https://registry.npmjs.org/http-proxy cache-miss
56 http fetch GET 200 https://registry.npmjs.org/http-proxy 30ms (cache miss)
57 silly packumentCache full:https://registry.npmjs.org/http-proxy set size:undefined disposed:false
58 silly fetch manifest portfinder@^1.0.28
59 silly packumentCache full:https://registry.npmjs.org/portfinder cache-miss
60 http fetch GET 200 https://registry.npmjs.org/portfinder 34ms (cache miss)
61 silly packumentCache full:https://registry.npmjs.org/portfinder set size:undefined disposed:false
62 silly fetch manifest secure-compare@3.0.1
63 silly packumentCache full:https://registry.npmjs.org/secure-compare cache-miss
64 http fetch GET 200 https://registry.npmjs.org/secure-compare 28ms (cache miss)
65 silly packumentCache full:https://registry.npmjs.org/secure-compare set size:undefined disposed:false
66 silly fetch manifest html-encoding-sniffer@^3.0.0
67 silly packumentCache full:https://registry.npmjs.org/html-encoding-sniffer cache-miss
68 http fetch GET 200 https://registry.npmjs.org/html-encoding-sniffer 31ms (cache miss)
69 silly packumentCache full:https://registry.npmjs.org/html-encoding-sniffer set size:undefined disposed:false
70 silly placeDep node_modules/http-server basic-auth@2.0.1 OK for: http-server@14.1.1 want: ^2.0.1
71 silly placeDep node_modules/http-server chalk@4.1.2 OK for: http-server@14.1.1 want: ^4.1.2
72 silly placeDep node_modules/http-server corser@2.0.1 OK for: http-server@14.1.1 want: ^2.0.1
73 silly placeDep node_modules/http-server he@1.2.0 OK for: http-server@14.1.1 want: ^1.2.0
74 silly placeDep node_modules/http-server html-encoding-sniffer@3.0.0 OK for: http-server@14.1.1 want: ^3.0.0
75 silly placeDep node_modules/http-server http-proxy@1.18.1 OK for: http-server@14.1.1 want: ^1.18.1
76 silly placeDep node_modules/http-server mime@1.6.0 OK for: http-server@14.1.1 want: ^1.6.0
77 silly placeDep node_modules/http-server minimist@1.2.8 OK for: http-server@14.1.1 want: ^1.2.6
78 silly placeDep node_modules/http-server opener@1.5.2 OK for: http-server@14.1.1 want: ^1.5.1
79 silly placeDep node_modules/http-server portfinder@1.0.38 OK for: http-server@14.1.1 want: ^1.0.28
80 silly placeDep node_modules/http-server secure-compare@3.0.1 OK for: http-server@14.1.1 want: 3.0.1
81 silly placeDep node_modules/http-server union@0.5.0 OK for: http-server@14.1.1 want: ~0.5.0
82 silly placeDep node_modules/http-server url-join@4.0.1 OK for: http-server@14.1.1 want: ^4.0.1
83 silly fetch manifest safe-buffer@5.1.2
84 silly packumentCache full:https://registry.npmjs.org/safe-buffer cache-miss
85 http fetch GET 200 https://registry.npmjs.org/safe-buffer 29ms (cache revalidated)
86 silly packumentCache full:https://registry.npmjs.org/safe-buffer set size:41183 disposed:false
87 silly fetch manifest ansi-styles@^4.1.0
88 silly packumentCache full:https://registry.npmjs.org/ansi-styles cache-miss
89 http fetch GET 200 https://registry.npmjs.org/ansi-styles 26ms (cache revalidated)
90 silly packumentCache full:https://registry.npmjs.org/ansi-styles set size:63233 disposed:false
91 silly fetch manifest supports-color@^7.1.0
92 silly packumentCache full:https://registry.npmjs.org/supports-color cache-miss
93 http fetch GET 200 https://registry.npmjs.org/supports-color 27ms (cache revalidated)
94 silly packumentCache full:https://registry.npmjs.org/supports-color set size:118680 disposed:false
95 silly fetch manifest whatwg-encoding@^2.0.0
96 silly packumentCache full:https://registry.npmjs.org/whatwg-encoding cache-miss
97 http fetch GET 200 https://registry.npmjs.org/whatwg-encoding 25ms (cache miss)
98 silly packumentCache full:https://registry.npmjs.org/whatwg-encoding set size:undefined disposed:false
99 silly fetch manifest eventemitter3@^4.0.0
100 silly packumentCache full:https://registry.npmjs.org/eventemitter3 cache-miss
101 http fetch GET 200 https://registry.npmjs.org/eventemitter3 28ms (cache miss)
102 silly packumentCache full:https://registry.npmjs.org/eventemitter3 set size:undefined disposed:false
103 silly fetch manifest requires-port@^1.0.0
104 silly packumentCache full:https://registry.npmjs.org/requires-port cache-miss
105 http fetch GET 200 https://registry.npmjs.org/requires-port 52ms (cache miss)
106 silly packumentCache full:https://registry.npmjs.org/requires-port set size:undefined disposed:false
107 silly fetch manifest follow-redirects@^1.0.0
108 silly packumentCache full:https://registry.npmjs.org/follow-redirects cache-miss
109 http fetch GET 200 https://registry.npmjs.org/follow-redirects 38ms (cache miss)
110 silly packumentCache full:https://registry.npmjs.org/follow-redirects set size:undefined disposed:false
111 silly fetch manifest async@^3.2.6
112 silly packumentCache full:https://registry.npmjs.org/async cache-miss
113 http fetch GET 200 https://registry.npmjs.org/async 30ms (cache miss)
114 silly packumentCache full:https://registry.npmjs.org/async set size:undefined disposed:false
115 silly fetch manifest debug@^4.3.6
116 silly packumentCache full:https://registry.npmjs.org/debug cache-miss
117 http fetch GET 200 https://registry.npmjs.org/debug 29ms (cache revalidated)
118 silly packumentCache full:https://registry.npmjs.org/debug set size:195840 disposed:false
119 silly fetch manifest qs@^6.4.0
120 silly packumentCache full:https://registry.npmjs.org/qs cache-miss
121 http fetch GET 200 https://registry.npmjs.org/qs 34ms (cache miss)
122 silly packumentCache full:https://registry.npmjs.org/qs set size:undefined disposed:false
123 silly placeDep node_modules/http-server safe-buffer@5.1.2 OK for: basic-auth@2.0.1 want: 5.1.2
124 silly placeDep node_modules/http-server ansi-styles@4.3.0 OK for: chalk@4.1.2 want: ^4.1.0
125 silly placeDep node_modules/http-server supports-color@7.2.0 OK for: chalk@4.1.2 want: ^7.1.0
126 silly fetch manifest color-convert@^2.0.1
127 silly packumentCache full:https://registry.npmjs.org/color-convert cache-miss
128 http fetch GET 200 https://registry.npmjs.org/color-convert 32ms (cache revalidated)
129 silly packumentCache full:https://registry.npmjs.org/color-convert set size:70744 disposed:false
130 silly fetch manifest has-flag@^4.0.0
131 silly packumentCache full:https://registry.npmjs.org/has-flag cache-miss
132 http fetch GET 200 https://registry.npmjs.org/has-flag 30ms (cache revalidated)
133 silly packumentCache full:https://registry.npmjs.org/has-flag set size:15180 disposed:false
134 silly placeDep node_modules/http-server color-convert@2.0.1 OK for: ansi-styles@4.3.0 want: ^2.0.1
135 silly fetch manifest color-name@~1.1.4
136 silly packumentCache full:https://registry.npmjs.org/color-name cache-miss
137 http fetch GET 200 https://registry.npmjs.org/color-name 35ms (cache revalidated)
138 silly packumentCache full:https://registry.npmjs.org/color-name set size:17921 disposed:false
139 silly placeDep node_modules/http-server color-name@1.1.4 OK for: color-convert@2.0.1 want: ~1.1.4
140 silly placeDep node_modules/http-server whatwg-encoding@2.0.0 OK for: html-encoding-sniffer@3.0.0 want: ^2.0.0
141 silly fetch manifest iconv-lite@0.6.3
142 silly packumentCache full:https://registry.npmjs.org/iconv-lite cache-miss
143 http fetch GET 200 https://registry.npmjs.org/iconv-lite 31ms (cache miss)
144 silly packumentCache full:https://registry.npmjs.org/iconv-lite set size:undefined disposed:false
145 silly placeDep node_modules/http-server eventemitter3@4.0.7 OK for: http-proxy@1.18.1 want: ^4.0.0
146 silly placeDep node_modules/http-server follow-redirects@1.15.11 OK for: http-proxy@1.18.1 want: ^1.0.0
147 silly placeDep node_modules/http-server requires-port@1.0.0 OK for: http-proxy@1.18.1 want: ^1.0.0
148 silly placeDep node_modules/http-server async@3.2.6 OK for: portfinder@1.0.38 want: ^3.2.6
149 silly placeDep node_modules/http-server debug@4.4.3 OK for: portfinder@1.0.38 want: ^4.3.6
150 silly fetch manifest ms@^2.1.3
151 silly packumentCache full:https://registry.npmjs.org/ms cache-miss
152 http fetch GET 200 https://registry.npmjs.org/ms 29ms (cache revalidated)
153 silly packumentCache full:https://registry.npmjs.org/ms set size:92208 disposed:false
154 silly placeDep node_modules/http-server ms@2.1.3 OK for: debug@4.4.3 want: ^2.1.3
155 silly placeDep node_modules/http-server has-flag@4.0.0 OK for: supports-color@7.2.0 want: ^4.0.0
156 silly placeDep node_modules/http-server qs@6.14.0 OK for: union@0.5.0 want: ^6.4.0
157 silly fetch manifest side-channel@^1.1.0
158 silly packumentCache full:https://registry.npmjs.org/side-channel cache-miss
159 http fetch GET 200 https://registry.npmjs.org/side-channel 27ms (cache miss)
160 silly packumentCache full:https://registry.npmjs.org/side-channel set size:undefined disposed:false
161 silly placeDep node_modules/http-server side-channel@1.1.0 OK for: qs@6.14.0 want: ^1.1.0
162 silly fetch manifest es-errors@^1.3.0
163 silly packumentCache full:https://registry.npmjs.org/es-errors cache-miss
164 http fetch GET 200 https://registry.npmjs.org/es-errors 29ms (cache miss)
165 silly packumentCache full:https://registry.npmjs.org/es-errors set size:undefined disposed:false
166 silly fetch manifest object-inspect@^1.13.3
167 silly packumentCache full:https://registry.npmjs.org/object-inspect cache-miss
168 http fetch GET 200 https://registry.npmjs.org/object-inspect 28ms (cache miss)
169 silly packumentCache full:https://registry.npmjs.org/object-inspect set size:undefined disposed:false
170 silly fetch manifest side-channel-list@^1.0.0
171 silly packumentCache full:https://registry.npmjs.org/side-channel-list cache-miss
172 http fetch GET 200 https://registry.npmjs.org/side-channel-list 46ms (cache miss)
173 silly packumentCache full:https://registry.npmjs.org/side-channel-list set size:undefined disposed:false
174 silly fetch manifest side-channel-map@^1.0.1
175 silly packumentCache full:https://registry.npmjs.org/side-channel-map cache-miss
176 http fetch GET 200 https://registry.npmjs.org/side-channel-map 38ms (cache miss)
177 silly packumentCache full:https://registry.npmjs.org/side-channel-map set size:undefined disposed:false
178 silly fetch manifest side-channel-weakmap@^1.0.2
179 silly packumentCache full:https://registry.npmjs.org/side-channel-weakmap cache-miss
180 http fetch GET 200 https://registry.npmjs.org/side-channel-weakmap 29ms (cache miss)
181 silly packumentCache full:https://registry.npmjs.org/side-channel-weakmap set size:undefined disposed:false
182 silly placeDep node_modules/http-server es-errors@1.3.0 OK for: side-channel@1.1.0 want: ^1.3.0
183 silly placeDep node_modules/http-server object-inspect@1.13.4 OK for: side-channel@1.1.0 want: ^1.13.3
184 silly placeDep node_modules/http-server side-channel-list@1.0.0 OK for: side-channel@1.1.0 want: ^1.0.0
185 silly placeDep node_modules/http-server side-channel-map@1.0.1 OK for: side-channel@1.1.0 want: ^1.0.1
186 silly placeDep node_modules/http-server side-channel-weakmap@1.0.2 OK for: side-channel@1.1.0 want: ^1.0.2
187 silly fetch manifest call-bound@^1.0.2
188 silly packumentCache full:https://registry.npmjs.org/call-bound cache-miss
189 http fetch GET 200 https://registry.npmjs.org/call-bound 46ms (cache miss)
190 silly packumentCache full:https://registry.npmjs.org/call-bound set size:undefined disposed:false
191 silly fetch manifest get-intrinsic@^1.2.5
192 silly packumentCache full:https://registry.npmjs.org/get-intrinsic cache-miss
193 http fetch GET 200 https://registry.npmjs.org/get-intrinsic 34ms (cache miss)
194 silly packumentCache full:https://registry.npmjs.org/get-intrinsic set size:undefined disposed:false
195 silly placeDep node_modules/http-server call-bound@1.0.4 OK for: side-channel-map@1.0.1 want: ^1.0.2
196 silly placeDep node_modules/http-server get-intrinsic@1.3.0 OK for: side-channel-map@1.0.1 want: ^1.2.5
197 silly fetch manifest call-bind-apply-helpers@^1.0.2
198 silly packumentCache full:https://registry.npmjs.org/call-bind-apply-helpers cache-miss
199 http fetch GET 200 https://registry.npmjs.org/call-bind-apply-helpers 27ms (cache miss)
200 silly packumentCache full:https://registry.npmjs.org/call-bind-apply-helpers set size:undefined disposed:false
201 silly fetch manifest get-intrinsic@^1.3.0
202 silly packumentCache full:https://registry.npmjs.org/get-intrinsic cache-miss
203 http fetch GET 200 https://registry.npmjs.org/get-intrinsic 3ms (cache hit)
204 silly packumentCache full:https://registry.npmjs.org/get-intrinsic set size:60985 disposed:false
205 silly fetch manifest gopd@^1.2.0
206 silly packumentCache full:https://registry.npmjs.org/gopd cache-miss
207 http fetch GET 200 https://registry.npmjs.org/gopd 33ms (cache miss)
208 silly packumentCache full:https://registry.npmjs.org/gopd set size:undefined disposed:false
209 silly fetch manifest hasown@^2.0.2
210 silly packumentCache full:https://registry.npmjs.org/hasown cache-miss
211 http fetch GET 200 https://registry.npmjs.org/hasown 34ms (cache miss)
212 silly packumentCache full:https://registry.npmjs.org/hasown set size:undefined disposed:false
213 silly fetch manifest get-proto@^1.0.1
214 silly packumentCache full:https://registry.npmjs.org/get-proto cache-miss
215 http fetch GET 200 https://registry.npmjs.org/get-proto 29ms (cache miss)
216 silly packumentCache full:https://registry.npmjs.org/get-proto set size:undefined disposed:false
217 silly fetch manifest has-symbols@^1.1.0
218 silly packumentCache full:https://registry.npmjs.org/has-symbols cache-miss
219 http fetch GET 200 https://registry.npmjs.org/has-symbols 29ms (cache miss)
220 silly packumentCache full:https://registry.npmjs.org/has-symbols set size:undefined disposed:false
221 silly fetch manifest function-bind@^1.1.2
222 silly packumentCache full:https://registry.npmjs.org/function-bind cache-miss
223 http fetch GET 200 https://registry.npmjs.org/function-bind 34ms (cache miss)
224 silly packumentCache full:https://registry.npmjs.org/function-bind set size:undefined disposed:false
225 silly fetch manifest es-object-atoms@^1.1.1
226 silly packumentCache full:https://registry.npmjs.org/es-object-atoms cache-miss
227 http fetch GET 200 https://registry.npmjs.org/es-object-atoms 33ms (cache miss)
228 silly packumentCache full:https://registry.npmjs.org/es-object-atoms set size:undefined disposed:false
229 silly fetch manifest math-intrinsics@^1.1.0
230 silly packumentCache full:https://registry.npmjs.org/math-intrinsics cache-miss
231 http fetch GET 200 https://registry.npmjs.org/math-intrinsics 38ms (cache miss)
232 silly packumentCache full:https://registry.npmjs.org/math-intrinsics set size:undefined disposed:false
233 silly fetch manifest es-define-property@^1.0.1
234 silly packumentCache full:https://registry.npmjs.org/es-define-property cache-miss
235 http fetch GET 200 https://registry.npmjs.org/es-define-property 29ms (cache miss)
236 silly packumentCache full:https://registry.npmjs.org/es-define-property set size:undefined disposed:false
237 silly placeDep node_modules/http-server call-bind-apply-helpers@1.0.2 OK for: call-bound@1.0.4 want: ^1.0.2
238 silly placeDep node_modules/http-server function-bind@1.1.2 OK for: call-bind-apply-helpers@1.0.2 want: ^1.1.2
239 silly placeDep node_modules/http-server es-define-property@1.0.1 OK for: get-intrinsic@1.3.0 want: ^1.0.1
240 silly placeDep node_modules/http-server es-object-atoms@1.1.1 OK for: get-intrinsic@1.3.0 want: ^1.1.1
241 silly placeDep node_modules/http-server get-proto@1.0.1 OK for: get-intrinsic@1.3.0 want: ^1.0.1
242 silly placeDep node_modules/http-server gopd@1.2.0 OK for: get-intrinsic@1.3.0 want: ^1.2.0
243 silly placeDep node_modules/http-server has-symbols@1.1.0 OK for: get-intrinsic@1.3.0 want: ^1.1.0
244 silly placeDep node_modules/http-server hasown@2.0.2 OK for: get-intrinsic@1.3.0 want: ^2.0.2
245 silly placeDep node_modules/http-server math-intrinsics@1.1.0 OK for: get-intrinsic@1.3.0 want: ^1.1.0
246 silly fetch manifest dunder-proto@^1.0.1
247 silly packumentCache full:https://registry.npmjs.org/dunder-proto cache-miss
248 http fetch GET 200 https://registry.npmjs.org/dunder-proto 27ms (cache miss)
249 silly packumentCache full:https://registry.npmjs.org/dunder-proto set size:undefined disposed:false
250 silly placeDep node_modules/http-server dunder-proto@1.0.1 OK for: get-proto@1.0.1 want: ^1.0.1
251 silly placeDep node_modules/http-server iconv-lite@0.6.3 OK for: whatwg-encoding@2.0.0 want: 0.6.3
252 silly fetch manifest safer-buffer@>= 2.1.2 < 3.0.0
253 silly packumentCache full:https://registry.npmjs.org/safer-buffer cache-miss
254 http fetch GET 200 https://registry.npmjs.org/safer-buffer 33ms (cache miss)
255 silly packumentCache full:https://registry.npmjs.org/safer-buffer set size:undefined disposed:false
256 silly placeDep node_modules/http-server safer-buffer@2.1.2 OK for: iconv-lite@0.6.3 want: >= 2.1.2 < 3.0.0
257 silly reify moves {}
258 verbose stack Error: EACCES: permission denied, mkdir '/usr/lib/node_modules/http-server'
259 error code EACCES
260 error syscall mkdir
261 error path /usr/lib/node_modules/http-server
262 error errno -13
263 error [Error: EACCES: permission denied, mkdir '/usr/lib/node_modules/http-server'] {
263 error   errno: -13,
263 error   code: 'EACCES',
263 error   syscall: 'mkdir',
263 error   path: '/usr/lib/node_modules/http-server'
263 error }
264 error
264 error The operation was rejected by your operating system.
264 error It is likely you do not have the permissions to access this file as the current user
264 error
264 error If you believe this might be a permissions issue, please double-check the
264 error permissions of the file and its containing directories, or try running
264 error the command again as root/Administrator.
265 silly unfinished npm timer reify 1762030218943
266 silly unfinished npm timer reify:createSparse 1762030220798
267 verbose cwd /home/azureuser
268 verbose os Linux 6.14.0-1012-azure
269 verbose node v18.20.8
270 verbose npm  v10.8.2
271 verbose exit -13
272 verbose code -13
273 error A complete log of this run can be found in: /home/azureuser/.npm/_logs/2025-11-01T20_50_18_594Z-debug-0.log
